[debug] [2025-03-03T06:10:21.544Z] ----------------------------------------------------------------------
[debug] [2025-03-03T06:10:21.546Z] Command:       C:\Program Files\nodejs\node.exe C:\Users\Muthu Kumar\AppData\Roaming\npm\node_modules\firebase-tools\lib\bin\firebase.js init hosting
[debug] [2025-03-03T06:10:21.546Z] CLI Version:   13.32.0
[debug] [2025-03-03T06:10:21.547Z] Platform:      win32
[debug] [2025-03-03T06:10:21.547Z] Node Version:  v18.17.1
[debug] [2025-03-03T06:10:21.548Z] Time:          Mon Mar 03 2025 11:40:21 GMT+0530 (India Standard Time)
[debug] [2025-03-03T06:10:21.548Z] ----------------------------------------------------------------------
[debug] 
[debug] [2025-03-03T06:10:21.556Z] > command requires scopes: ["email","openid","https://www.googleapis.com/auth/cloudplatformprojects.readonly","https://www.googleapis.com/auth/firebase","https://www.googleapis.com/auth/cloud-platform"]
[debug] [2025-03-03T06:10:21.556Z] > authorizing via signed-in user (muraliram6767@gmail.com)
[info] 
     ######## #### ########  ######## ########     ###     ######  ########
     ##        ##  ##     ## ##       ##     ##  ##   ##  ##       ##
     ######    ##  ########  ######   ########  #########  ######  ######
     ##        ##  ##    ##  ##       ##     ## ##     ##       ## ##
     ##       #### ##     ## ######## ########  ##     ##  ######  ########

You're about to initialize a Firebase project in this directory:

  C:\Murali\TrichyAuto\trichyauto

Before we get started, keep in mind:

  * You are currently outside your home directory

